INFO 2026-02-01T17:36:26 Starting rates update...
INFO 2026-02-01T17:36:26 Fetching from CoinGecko...
INFO 2026-02-01T17:36:26 OK (6 rates)
INFO 2026-02-01T17:36:26 Fetching from ExchangeRate-API...
INFO 2026-02-01T17:36:27 OK (7 rates)
INFO 2026-02-01T17:36:27 Writing 13 rates to data/rates.json
INFO 2026-02-01T17:36:27 Update completed
INFO 2026-02-01T19:38:56 Scheduled rates update started
INFO 2026-02-01T19:38:56 Scheduler started (interval: 300 seconds)
INFO 2026-02-01T19:38:56 Starting rates update...
INFO 2026-02-01T19:38:56 Fetching from CoinGecko...
INFO 2026-02-01T19:38:57 OK (6 rates)
INFO 2026-02-01T19:38:57 Fetching from ExchangeRate-API...
INFO 2026-02-01T19:38:57 OK (7 rates)
INFO 2026-02-01T19:38:57 Writing 13 rates to data/rates.json
INFO 2026-02-01T19:38:57 Update completed
INFO 2026-02-01T19:38:57 Scheduled update completed: success, 13 pairs updated
INFO 2026-02-01T19:41:05 LOGIN START user_id=<valutatrade_hub.core.usecases.UseCases object at 0x762a10e4ce60>currency=None amount=None
ERROR 2026-02-01T19:41:05 LOGIN ERROR user_id=<valutatrade_hub.core.usecases.UseCases object at 0x762a10e4ce60>currency=None amount=Noneerror_type=AuthenticationError error_message='Неверный пароль для пользователя 'trader_john''
INFO 2026-02-01T19:42:14 LOGIN START user_id=<valutatrade_hub.core.usecases.UseCases object at 0x762a10e4ce60>currency=None amount=None
ERROR 2026-02-01T19:42:14 LOGIN ERROR user_id=<valutatrade_hub.core.usecases.UseCases object at 0x762a10e4ce60>currency=None amount=Noneerror_type=AuthenticationError error_message='Неверный пароль для пользователя 'trader_john''
INFO 2026-02-01T19:43:33 Scheduled rates update started
INFO 2026-02-01T19:43:33 Starting rates update...
INFO 2026-02-01T19:43:33 Fetching from CoinGecko...
INFO 2026-02-01T19:43:34 OK (6 rates)
INFO 2026-02-01T19:43:34 Fetching from ExchangeRate-API...
INFO 2026-02-01T19:43:35 OK (7 rates)
INFO 2026-02-01T19:43:35 Writing 13 rates to data/rates.json
INFO 2026-02-01T19:43:35 Update completed
INFO 2026-02-01T19:43:35 Scheduled update completed: success, 13 pairs updated
INFO 2026-02-01T19:47:23 Scheduler stopped
INFO 2026-02-01T19:47:38 Scheduled rates update started
INFO 2026-02-01T19:47:38 Scheduler started (interval: 300 seconds)
INFO 2026-02-01T19:47:38 Starting rates update...
INFO 2026-02-01T19:47:38 Fetching from CoinGecko...
INFO 2026-02-01T19:47:39 OK (6 rates)
INFO 2026-02-01T19:47:39 Fetching from ExchangeRate-API...
INFO 2026-02-01T19:47:40 OK (7 rates)
INFO 2026-02-01T19:47:40 Writing 13 rates to data/rates.json
INFO 2026-02-01T19:47:40 Update completed
INFO 2026-02-01T19:47:40 Scheduled update completed: success, 13 pairs updated
INFO 2026-02-01T19:50:17 LOGIN START user_id=<valutatrade_hub.core.usecases.UseCases object at 0x7825f31cade0>currency=None amount=None
ERROR 2026-02-01T19:50:17 LOGIN ERROR user_id=<valutatrade_hub.core.usecases.UseCases object at 0x7825f31cade0>currency=None amount=Noneerror_type=AuthenticationError error_message='Неверный пароль для пользователя 'trader_john''
INFO 2026-02-01T19:52:13 Scheduled rates update started
INFO 2026-02-01T19:52:13 Starting rates update...
INFO 2026-02-01T19:52:13 Fetching from CoinGecko...
INFO 2026-02-01T19:52:13 OK (6 rates)
INFO 2026-02-01T19:52:13 Fetching from ExchangeRate-API...
INFO 2026-02-01T19:52:13 OK (7 rates)
INFO 2026-02-01T19:52:13 Writing 13 rates to data/rates.json
INFO 2026-02-01T19:52:13 Update completed
INFO 2026-02-01T19:52:13 Scheduled update completed: success, 13 pairs updated
INFO 2026-02-01T19:53:05 LOGIN START user_id=<valutatrade_hub.core.usecases.UseCases object at 0x7825f31cade0>currency=None amount=None
INFO 2026-02-01T19:53:05 LOGIN OK user_id=<valutatrade_hub.core.usecases.UseCases object at 0x7825f31cade0>currency=None amount=None
INFO 2026-02-01T19:54:24 LOGIN START user_id=<valutatrade_hub.core.usecases.UseCases object at 0x7825f31cade0>currency=None amount=None
INFO 2026-02-01T19:54:24 LOGIN OK user_id=<valutatrade_hub.core.usecases.UseCases object at 0x7825f31cade0>currency=None amount=None
INFO 2026-02-01T19:56:03 BUY START user_id=<valutatrade_hub.core.usecases.UseCases object at 0x7825f31cade0>currency=None amount=None
ERROR 2026-02-01T19:56:03 BUY ERROR user_id=<valutatrade_hub.core.usecases.UseCases object at 0x7825f31cade0>currency=None amount=Noneerror_type=ValueError error_message='Курс BTC→USD недоступен'
INFO 2026-02-01T19:56:49 Scheduled rates update started
INFO 2026-02-01T19:56:49 Starting rates update...
INFO 2026-02-01T19:56:49 Fetching from CoinGecko...
INFO 2026-02-01T19:56:50 OK (6 rates)
INFO 2026-02-01T19:56:50 Fetching from ExchangeRate-API...
INFO 2026-02-01T19:56:51 OK (7 rates)
INFO 2026-02-01T19:56:51 Writing 13 rates to data/rates.json
INFO 2026-02-01T19:56:51 Update completed
INFO 2026-02-01T19:56:51 Scheduled update completed: success, 13 pairs updated
INFO 2026-02-01T19:58:34 Scheduler stopped
INFO 2026-02-01T19:58:47 Scheduled rates update started
INFO 2026-02-01T19:58:47 Scheduler started (interval: 300 seconds)
INFO 2026-02-01T19:58:47 Starting rates update...
INFO 2026-02-01T19:58:47 Fetching from CoinGecko...
INFO 2026-02-01T19:58:48 OK (6 rates)
INFO 2026-02-01T19:58:48 Fetching from ExchangeRate-API...
INFO 2026-02-01T19:58:49 OK (7 rates)
INFO 2026-02-01T19:58:49 Writing 13 rates to data/rates.json
INFO 2026-02-01T19:58:49 Update completed
INFO 2026-02-01T19:58:49 Scheduled update completed: success, 13 pairs updated
INFO 2026-02-01T20:00:45 LOGIN START user_id=<valutatrade_hub.core.usecases.UseCases object at 0x763b581b35f0>currency=None amount=None
INFO 2026-02-01T20:00:45 LOGIN OK user_id=<valutatrade_hub.core.usecases.UseCases object at 0x763b581b35f0>currency=None amount=None
INFO 2026-02-01T20:02:00 BUY START user_id=<valutatrade_hub.core.usecases.UseCases object at 0x763b581b35f0>currency=None amount=None
ERROR 2026-02-01T20:02:00 BUY ERROR user_id=<valutatrade_hub.core.usecases.UseCases object at 0x763b581b35f0>currency=None amount=Noneerror_type=WalletNotFoundError error_message='У вас нет кошелька 'USD'. Добавьте валюту: она создаётся автоматически при первой покупке.'
INFO 2026-02-01T20:02:59 Starting rates update...
INFO 2026-02-01T20:02:59 Fetching from CoinGecko...
INFO 2026-02-01T20:03:00 OK (6 rates)
INFO 2026-02-01T20:03:00 Fetching from ExchangeRate-API...
INFO 2026-02-01T20:03:01 OK (7 rates)
INFO 2026-02-01T20:03:01 Writing 13 rates to data/rates.json
INFO 2026-02-01T20:03:01 Update completed
INFO 2026-02-01T20:03:24 Scheduled rates update started
INFO 2026-02-01T20:03:24 Starting rates update...
INFO 2026-02-01T20:03:24 Fetching from CoinGecko...
INFO 2026-02-01T20:03:24 OK (6 rates)
INFO 2026-02-01T20:03:24 Fetching from ExchangeRate-API...
INFO 2026-02-01T20:03:25 OK (7 rates)
INFO 2026-02-01T20:03:25 Writing 13 rates to data/rates.json
INFO 2026-02-01T20:03:25 Update completed
INFO 2026-02-01T20:03:25 Scheduled update completed: success, 13 pairs updated
INFO 2026-02-01T20:08:00 Scheduled rates update started
INFO 2026-02-01T20:08:00 Starting rates update...
INFO 2026-02-01T20:08:00 Fetching from CoinGecko...
INFO 2026-02-01T20:08:01 OK (6 rates)
INFO 2026-02-01T20:08:01 Fetching from ExchangeRate-API...
INFO 2026-02-01T20:08:02 OK (7 rates)
INFO 2026-02-01T20:08:02 Writing 13 rates to data/rates.json
INFO 2026-02-01T20:08:02 Update completed
INFO 2026-02-01T20:08:02 Scheduled update completed: success, 13 pairs updated
INFO 2026-02-01T20:12:36 Scheduled rates update started
INFO 2026-02-01T20:12:36 Starting rates update...
INFO 2026-02-01T20:12:36 Fetching from CoinGecko...
INFO 2026-02-01T20:12:37 OK (6 rates)
INFO 2026-02-01T20:12:37 Fetching from ExchangeRate-API...
INFO 2026-02-01T20:12:38 OK (7 rates)
INFO 2026-02-01T20:12:38 Writing 13 rates to data/rates.json
INFO 2026-02-01T20:12:38 Update completed
INFO 2026-02-01T20:12:38 Scheduled update completed: success, 13 pairs updated
INFO 2026-02-01T20:17:10 Scheduled rates update started
INFO 2026-02-01T20:17:10 Starting rates update...
INFO 2026-02-01T20:17:10 Fetching from CoinGecko...
INFO 2026-02-01T20:17:11 OK (6 rates)
INFO 2026-02-01T20:17:11 Fetching from ExchangeRate-API...
INFO 2026-02-01T20:17:11 OK (7 rates)
INFO 2026-02-01T20:17:11 Writing 13 rates to data/rates.json
INFO 2026-02-01T20:17:11 Update completed
INFO 2026-02-01T20:17:11 Scheduled update completed: success, 13 pairs updated
INFO 2026-02-01T20:21:46 Scheduled rates update started
INFO 2026-02-01T20:21:46 Starting rates update...
INFO 2026-02-01T20:21:46 Fetching from CoinGecko...
INFO 2026-02-01T20:21:46 OK (6 rates)
INFO 2026-02-01T20:21:46 Fetching from ExchangeRate-API...
INFO 2026-02-01T20:21:47 OK (7 rates)
INFO 2026-02-01T20:21:47 Writing 13 rates to data/rates.json
INFO 2026-02-01T20:21:47 Update completed
INFO 2026-02-01T20:21:47 Scheduled update completed: success, 13 pairs updated
INFO 2026-02-01T20:26:22 Scheduled rates update started
INFO 2026-02-01T20:26:22 Starting rates update...
INFO 2026-02-01T20:26:22 Fetching from CoinGecko...
INFO 2026-02-01T20:26:22 OK (6 rates)
INFO 2026-02-01T20:26:22 Fetching from ExchangeRate-API...
INFO 2026-02-01T20:26:23 OK (7 rates)
INFO 2026-02-01T20:26:23 Writing 13 rates to data/rates.json
INFO 2026-02-01T20:26:23 Update completed
INFO 2026-02-01T20:26:23 Scheduled update completed: success, 13 pairs updated
INFO 2026-02-01T20:30:55 Scheduled rates update started
INFO 2026-02-01T20:30:55 Starting rates update...
INFO 2026-02-01T20:30:55 Fetching from CoinGecko...
INFO 2026-02-01T20:30:55 OK (6 rates)
INFO 2026-02-01T20:30:55 Fetching from ExchangeRate-API...
INFO 2026-02-01T20:30:56 OK (7 rates)
INFO 2026-02-01T20:30:56 Writing 13 rates to data/rates.json
INFO 2026-02-01T20:30:56 Update completed
INFO 2026-02-01T20:30:56 Scheduled update completed: success, 13 pairs updated
INFO 2026-02-01T20:31:36 BUY START user_id=<valutatrade_hub.core.usecases.UseCases object at 0x763b581b35f0>currency=None amount=None
ERROR 2026-02-01T20:31:36 BUY ERROR user_id=<valutatrade_hub.core.usecases.UseCases object at 0x763b581b35f0>currency=None amount=Noneerror_type=WalletNotFoundError error_message='У вас нет кошелька 'USD'. Добавьте валюту: она создаётся автоматически при первой покупке.'
INFO 2026-02-01T20:31:59 Starting rates update...
INFO 2026-02-01T20:31:59 Fetching from CoinGecko...
INFO 2026-02-01T20:32:00 OK (6 rates)
INFO 2026-02-01T20:32:00 Fetching from ExchangeRate-API...
INFO 2026-02-01T20:32:00 OK (7 rates)
INFO 2026-02-01T20:32:00 Writing 13 rates to data/rates.json
INFO 2026-02-01T20:32:00 Update completed
INFO 2026-02-01T20:32:06 BUY START user_id=<valutatrade_hub.core.usecases.UseCases object at 0x763b581b35f0>currency=None amount=None
ERROR 2026-02-01T20:32:06 BUY ERROR user_id=<valutatrade_hub.core.usecases.UseCases object at 0x763b581b35f0>currency=None amount=Noneerror_type=WalletNotFoundError error_message='У вас нет кошелька 'USD'. Добавьте валюту: она создаётся автоматически при первой покупке.'
INFO 2026-02-01T20:35:31 Scheduled rates update started
INFO 2026-02-01T20:35:31 Starting rates update...
INFO 2026-02-01T20:35:31 Fetching from CoinGecko...
INFO 2026-02-01T20:35:31 OK (6 rates)
INFO 2026-02-01T20:35:31 Fetching from ExchangeRate-API...
INFO 2026-02-01T20:35:32 OK (7 rates)
INFO 2026-02-01T20:35:32 Writing 13 rates to data/rates.json
INFO 2026-02-01T20:35:32 Update completed
INFO 2026-02-01T20:35:32 Scheduled update completed: success, 13 pairs updated
INFO 2026-02-01T20:40:07 Scheduled rates update started
INFO 2026-02-01T20:40:07 Starting rates update...
INFO 2026-02-01T20:40:07 Fetching from CoinGecko...
INFO 2026-02-01T20:40:07 OK (6 rates)
INFO 2026-02-01T20:40:07 Fetching from ExchangeRate-API...
INFO 2026-02-01T20:40:08 OK (7 rates)
INFO 2026-02-01T20:40:08 Writing 13 rates to data/rates.json
INFO 2026-02-01T20:40:08 Update completed
INFO 2026-02-01T20:40:08 Scheduled update completed: success, 13 pairs updated
INFO 2026-02-01T20:44:40 Scheduled rates update started
INFO 2026-02-01T20:44:40 Starting rates update...
INFO 2026-02-01T20:44:40 Fetching from CoinGecko...
INFO 2026-02-01T20:44:40 OK (6 rates)
INFO 2026-02-01T20:44:40 Fetching from ExchangeRate-API...
INFO 2026-02-01T20:44:41 OK (7 rates)
INFO 2026-02-01T20:44:41 Writing 13 rates to data/rates.json
INFO 2026-02-01T20:44:41 Update completed
INFO 2026-02-01T20:44:41 Scheduled update completed: success, 13 pairs updated
INFO 2026-02-01T20:49:16 Scheduled rates update started
INFO 2026-02-01T20:49:16 Starting rates update...
INFO 2026-02-01T20:49:16 Fetching from CoinGecko...
INFO 2026-02-01T20:49:16 OK (6 rates)
INFO 2026-02-01T20:49:16 Fetching from ExchangeRate-API...
INFO 2026-02-01T20:49:16 OK (7 rates)
INFO 2026-02-01T20:49:16 Writing 13 rates to data/rates.json
INFO 2026-02-01T20:49:16 Update completed
INFO 2026-02-01T20:49:16 Scheduled update completed: success, 13 pairs updated
INFO 2026-02-01T20:53:51 Scheduled rates update started
INFO 2026-02-01T20:53:51 Starting rates update...
INFO 2026-02-01T20:53:51 Fetching from CoinGecko...
INFO 2026-02-01T20:53:52 OK (6 rates)
INFO 2026-02-01T20:53:52 Fetching from ExchangeRate-API...
INFO 2026-02-01T20:53:52 OK (7 rates)
INFO 2026-02-01T20:53:52 Writing 13 rates to data/rates.json
INFO 2026-02-01T20:53:52 Update completed
INFO 2026-02-01T20:53:52 Scheduled update completed: success, 13 pairs updated
INFO 2026-02-01T20:58:27 Scheduled rates update started
INFO 2026-02-01T20:58:27 Starting rates update...
INFO 2026-02-01T20:58:27 Fetching from CoinGecko...
INFO 2026-02-01T20:58:27 OK (6 rates)
INFO 2026-02-01T20:58:27 Fetching from ExchangeRate-API...
INFO 2026-02-01T20:58:25 OK (7 rates)
INFO 2026-02-01T20:58:25 Writing 13 rates to data/rates.json
INFO 2026-02-01T20:58:25 Update completed
INFO 2026-02-01T20:58:25 Scheduled update completed: success, 13 pairs updated
INFO 2026-02-01T21:02:59 Scheduled rates update started
INFO 2026-02-01T21:02:59 Starting rates update...
INFO 2026-02-01T21:02:59 Fetching from CoinGecko...
INFO 2026-02-01T21:03:00 OK (6 rates)
INFO 2026-02-01T21:03:00 Fetching from ExchangeRate-API...
INFO 2026-02-01T21:03:00 OK (7 rates)
INFO 2026-02-01T21:03:00 Writing 13 rates to data/rates.json
INFO 2026-02-01T21:03:00 Update completed
INFO 2026-02-01T21:03:00 Scheduled update completed: success, 13 pairs updated
INFO 2026-02-01T21:07:35 Scheduled rates update started
INFO 2026-02-01T21:07:35 Starting rates update...
INFO 2026-02-01T21:07:35 Fetching from CoinGecko...
INFO 2026-02-01T21:07:35 OK (6 rates)
INFO 2026-02-01T21:07:35 Fetching from ExchangeRate-API...
INFO 2026-02-01T21:07:36 OK (7 rates)
INFO 2026-02-01T21:07:36 Writing 13 rates to data/rates.json
INFO 2026-02-01T21:07:36 Update completed
INFO 2026-02-01T21:07:36 Scheduled update completed: success, 13 pairs updated
INFO 2026-02-01T21:12:10 Scheduled rates update started
INFO 2026-02-01T21:12:10 Starting rates update...
INFO 2026-02-01T21:12:10 Fetching from CoinGecko...
INFO 2026-02-01T21:12:11 OK (6 rates)
INFO 2026-02-01T21:12:11 Fetching from ExchangeRate-API...
INFO 2026-02-01T21:12:11 OK (7 rates)
INFO 2026-02-01T21:12:11 Writing 13 rates to data/rates.json
INFO 2026-02-01T21:12:11 Update completed
INFO 2026-02-01T21:12:11 Scheduled update completed: success, 13 pairs updated
INFO 2026-02-01T21:16:45 Scheduled rates update started
INFO 2026-02-01T21:16:45 Starting rates update...
INFO 2026-02-01T21:16:45 Fetching from CoinGecko...
INFO 2026-02-01T21:16:45 OK (6 rates)
INFO 2026-02-01T21:16:45 Fetching from ExchangeRate-API...
INFO 2026-02-01T21:16:46 OK (7 rates)
INFO 2026-02-01T21:16:46 Writing 13 rates to data/rates.json
INFO 2026-02-01T21:16:46 Update completed
INFO 2026-02-01T21:16:46 Scheduled update completed: success, 13 pairs updated
INFO 2026-02-01T21:21:18 Scheduled rates update started
INFO 2026-02-01T21:21:18 Starting rates update...
INFO 2026-02-01T21:21:18 Fetching from CoinGecko...
INFO 2026-02-01T21:21:18 OK (6 rates)
INFO 2026-02-01T21:21:18 Fetching from ExchangeRate-API...
INFO 2026-02-01T21:21:18 OK (7 rates)
INFO 2026-02-01T21:21:18 Writing 13 rates to data/rates.json
INFO 2026-02-01T21:21:18 Update completed
INFO 2026-02-01T21:21:18 Scheduled update completed: success, 13 pairs updated
INFO 2026-02-01T21:25:53 Scheduled rates update started
INFO 2026-02-01T21:25:53 Starting rates update...
INFO 2026-02-01T21:25:53 Fetching from CoinGecko...
INFO 2026-02-01T21:25:53 OK (6 rates)
INFO 2026-02-01T21:25:53 Fetching from ExchangeRate-API...
INFO 2026-02-01T21:25:54 OK (7 rates)
INFO 2026-02-01T21:25:54 Writing 13 rates to data/rates.json
INFO 2026-02-01T21:25:54 Update completed
INFO 2026-02-01T21:25:54 Scheduled update completed: success, 13 pairs updated
INFO 2026-02-01T21:28:06 Scheduler stopped
INFO 2026-02-01T21:28:12 Scheduled rates update started
INFO 2026-02-01T21:28:12 Scheduler started (interval: 300 seconds)
INFO 2026-02-01T21:28:12 Starting rates update...
INFO 2026-02-01T21:28:12 Fetching from CoinGecko...
INFO 2026-02-01T21:28:13 OK (6 rates)
INFO 2026-02-01T21:28:13 Fetching from ExchangeRate-API...
INFO 2026-02-01T21:28:13 OK (7 rates)
INFO 2026-02-01T21:28:13 Writing 13 rates to data/rates.json
INFO 2026-02-01T21:28:13 Update completed
INFO 2026-02-01T21:28:13 Scheduled update completed: success, 13 pairs updated
INFO 2026-02-01T21:28:39 LOGIN START user_id=<valutatrade_hub.core.usecases.UseCases object at 0x757ef3d824e0>currency=None amount=None
INFO 2026-02-01T21:28:39 LOGIN OK user_id=<valutatrade_hub.core.usecases.UseCases object at 0x757ef3d824e0>currency=None amount=None
INFO 2026-02-01T21:29:55 LOGIN START user_id=<valutatrade_hub.core.usecases.UseCases object at 0x757ef3d824e0>currency=None amount=None
INFO 2026-02-01T21:29:55 LOGIN OK user_id=<valutatrade_hub.core.usecases.UseCases object at 0x757ef3d824e0>currency=None amount=None
INFO 2026-02-01T21:30:32 BUY START user_id=<valutatrade_hub.core.usecases.UseCases object at 0x757ef3d824e0>currency=None amount=None
ERROR 2026-02-01T21:30:32 BUY ERROR user_id=<valutatrade_hub.core.usecases.UseCases object at 0x757ef3d824e0>currency=None amount=Noneerror_type=ValueError error_message='Курс EUR→USD недоступен'
INFO 2026-02-01T21:32:48 Scheduled rates update started
INFO 2026-02-01T21:32:48 Starting rates update...
INFO 2026-02-01T21:32:48 Fetching from CoinGecko...
INFO 2026-02-01T21:32:48 OK (6 rates)
INFO 2026-02-01T21:32:48 Fetching from ExchangeRate-API...
INFO 2026-02-01T21:32:48 OK (7 rates)
INFO 2026-02-01T21:32:48 Writing 13 rates to data/rates.json
INFO 2026-02-01T21:32:48 Update completed
INFO 2026-02-01T21:32:48 Scheduled update completed: success, 13 pairs updated
INFO 2026-02-01T21:37:23 Scheduled rates update started
INFO 2026-02-01T21:37:23 Starting rates update...
INFO 2026-02-01T21:37:23 Fetching from CoinGecko...
INFO 2026-02-01T21:37:23 OK (6 rates)
INFO 2026-02-01T21:37:23 Fetching from ExchangeRate-API...
INFO 2026-02-01T21:37:24 OK (7 rates)
INFO 2026-02-01T21:37:24 Writing 13 rates to data/rates.json
INFO 2026-02-01T21:37:24 Update completed
INFO 2026-02-01T21:37:24 Scheduled update completed: success, 13 pairs updated
INFO 2026-02-01T21:40:47 Scheduler stopped
INFO 2026-02-01T21:40:56 Scheduled rates update started
INFO 2026-02-01T21:40:56 Scheduler started (interval: 300 seconds)
INFO 2026-02-01T21:40:56 Starting rates update...
INFO 2026-02-01T21:40:56 Fetching from CoinGecko...
INFO 2026-02-01T21:40:56 OK (6 rates)
INFO 2026-02-01T21:40:56 Fetching from ExchangeRate-API...
INFO 2026-02-01T21:40:57 OK (7 rates)
INFO 2026-02-01T21:40:57 Writing 13 rates to data/rates.json
INFO 2026-02-01T21:40:57 Update completed
INFO 2026-02-01T21:40:57 Scheduled update completed: success, 13 pairs updated
INFO 2026-02-01T21:41:23 Scheduler stopped
INFO 2026-02-01T21:42:19 Scheduled rates update started
INFO 2026-02-01T21:42:19 Scheduler started (interval: 300 seconds)
INFO 2026-02-01T21:42:19 Starting rates update...
INFO 2026-02-01T21:42:19 Fetching from CoinGecko...
INFO 2026-02-01T21:42:19 OK (6 rates)
INFO 2026-02-01T21:42:19 Fetching from ExchangeRate-API...
INFO 2026-02-01T21:42:20 OK (7 rates)
INFO 2026-02-01T21:42:20 Writing 13 rates to data/rates.json
INFO 2026-02-01T21:42:20 Update completed
INFO 2026-02-01T21:42:20 Scheduled update completed: success, 13 pairs updated
INFO 2026-02-01T21:42:31 LOGIN START user_id=<valutatrade_hub.core.usecases.UseCases object at 0x729650fc22a0>currency=None amount=None
INFO 2026-02-01T21:42:31 LOGIN OK user_id=<valutatrade_hub.core.usecases.UseCases object at 0x729650fc22a0>currency=None amount=None
INFO 2026-02-01T21:42:38 Starting rates update...
INFO 2026-02-01T21:42:38 Fetching from CoinGecko...
INFO 2026-02-01T21:42:38 OK (6 rates)
INFO 2026-02-01T21:42:38 Fetching from ExchangeRate-API...
INFO 2026-02-01T21:42:38 OK (7 rates)
INFO 2026-02-01T21:42:38 Writing 13 rates to data/rates.json
INFO 2026-02-01T21:42:38 Update completed
INFO 2026-02-01T21:42:45 BUY START user_id=<valutatrade_hub.core.usecases.UseCases object at 0x729650fc22a0>currency=None amount=None
ERROR 2026-02-01T21:42:45 BUY ERROR user_id=<valutatrade_hub.core.usecases.UseCases object at 0x729650fc22a0>currency=None amount=Noneerror_type=WalletNotFoundError error_message='У вас нет кошелька 'EUR'. Добавьте валюту: она создаётся автоматически при первой покупке.'
INFO 2026-02-01T21:46:51 Scheduled rates update started
INFO 2026-02-01T21:46:51 Starting rates update...
INFO 2026-02-01T21:46:51 Fetching from CoinGecko...
INFO 2026-02-01T21:46:51 OK (6 rates)
INFO 2026-02-01T21:46:51 Fetching from ExchangeRate-API...
INFO 2026-02-01T21:46:52 OK (7 rates)
INFO 2026-02-01T21:46:52 Writing 13 rates to data/rates.json
INFO 2026-02-01T21:46:52 Update completed
INFO 2026-02-01T21:46:52 Scheduled update completed: success, 13 pairs updated
INFO 2026-02-01T21:51:26 Scheduled rates update started
INFO 2026-02-01T21:51:26 Starting rates update...
INFO 2026-02-01T21:51:26 Fetching from CoinGecko...
INFO 2026-02-01T21:51:26 OK (6 rates)
INFO 2026-02-01T21:51:26 Fetching from ExchangeRate-API...
INFO 2026-02-01T21:51:27 OK (7 rates)
INFO 2026-02-01T21:51:27 Writing 13 rates to data/rates.json
INFO 2026-02-01T21:51:27 Update completed
INFO 2026-02-01T21:51:27 Scheduled update completed: success, 13 pairs updated
INFO 2026-02-01T21:56:01 Scheduled rates update started
INFO 2026-02-01T21:56:01 Starting rates update...
INFO 2026-02-01T21:56:01 Fetching from CoinGecko...
INFO 2026-02-01T21:56:02 OK (6 rates)
INFO 2026-02-01T21:56:02 Fetching from ExchangeRate-API...
INFO 2026-02-01T21:56:02 OK (7 rates)
INFO 2026-02-01T21:56:02 Writing 13 rates to data/rates.json
INFO 2026-02-01T21:56:02 Update completed
INFO 2026-02-01T21:56:02 Scheduled update completed: success, 13 pairs updated
INFO 2026-02-01T21:57:35 Scheduler stopped
INFO 2026-02-01T21:57:41 Scheduled rates update started
INFO 2026-02-01T21:57:41 Scheduler started (interval: 300 seconds)
INFO 2026-02-01T21:57:41 Starting rates update...
INFO 2026-02-01T21:57:41 Fetching from CoinGecko...
INFO 2026-02-01T21:57:41 OK (6 rates)
INFO 2026-02-01T21:57:41 Fetching from ExchangeRate-API...
INFO 2026-02-01T21:57:42 OK (7 rates)
INFO 2026-02-01T21:57:42 Writing 13 rates to data/rates.json
INFO 2026-02-01T21:57:42 Update completed
INFO 2026-02-01T21:57:42 Scheduled update completed: success, 13 pairs updated
INFO 2026-02-01T21:58:18 LOGIN START user_id=<valutatrade_hub.core.usecases.UseCases object at 0x79f684683470>currency=None amount=None
INFO 2026-02-01T21:58:18 LOGIN OK user_id=<valutatrade_hub.core.usecases.UseCases object at 0x79f684683470>currency=None amount=None
INFO 2026-02-01T21:58:25 Starting rates update...
INFO 2026-02-01T21:58:25 Fetching from CoinGecko...
INFO 2026-02-01T21:58:25 OK (6 rates)
INFO 2026-02-01T21:58:25 Fetching from ExchangeRate-API...
INFO 2026-02-01T21:58:25 OK (7 rates)
INFO 2026-02-01T21:58:25 Writing 13 rates to data/rates.json
INFO 2026-02-01T21:58:25 Update completed
INFO 2026-02-01T21:58:33 BUY START user_id=<valutatrade_hub.core.usecases.UseCases object at 0x79f684683470>currency=None amount=None
INFO 2026-02-01T21:58:33 BUY OK user_id=<valutatrade_hub.core.usecases.UseCases object at 0x79f684683470>currency=None amount=None
INFO 2026-02-01T21:59:34 BUY START user_id=<valutatrade_hub.core.usecases.UseCases object at 0x79f684683470>currency=None amount=None
INFO 2026-02-01T21:59:34 BUY OK user_id=<valutatrade_hub.core.usecases.UseCases object at 0x79f684683470>currency=None amount=None
INFO 2026-02-01T22:02:16 Scheduled rates update started
INFO 2026-02-01T22:02:16 Starting rates update...
INFO 2026-02-01T22:02:16 Fetching from CoinGecko...
INFO 2026-02-01T22:02:16 OK (6 rates)
INFO 2026-02-01T22:02:16 Fetching from ExchangeRate-API...
INFO 2026-02-01T22:02:17 OK (7 rates)
INFO 2026-02-01T22:02:17 Writing 13 rates to data/rates.json
INFO 2026-02-01T22:02:17 Update completed
INFO 2026-02-01T22:02:17 Scheduled update completed: success, 13 pairs updated
INFO 2026-02-01T22:04:05 SELL START user_id=<valutatrade_hub.core.usecases.UseCases object at 0x79f684683470>currency=None amount=None
INFO 2026-02-01T22:04:05 SELL OK user_id=<valutatrade_hub.core.usecases.UseCases object at 0x79f684683470>currency=None amount=None
INFO 2026-02-01T22:04:47 Scheduler stopped
INFO 2026-02-01T22:15:23 Scheduled rates update started
INFO 2026-02-01T22:15:23 Scheduler started (interval: 300 seconds)
INFO 2026-02-01T22:15:23 Starting rates update...
INFO 2026-02-01T22:15:23 Fetching from CoinGecko...
INFO 2026-02-01T22:15:24 OK (6 rates)
INFO 2026-02-01T22:15:24 Fetching from ExchangeRate-API...
INFO 2026-02-01T22:15:24 OK (7 rates)
INFO 2026-02-01T22:15:24 Writing 13 rates to data/rates.json
INFO 2026-02-01T22:15:24 Update completed
INFO 2026-02-01T22:15:24 Scheduled update completed: success, 13 pairs updated
INFO 2026-02-01T22:15:33 LOGIN START user_id=<valutatrade_hub.core.usecases.UseCases object at 0x75dc46908530>currency=None amount=None
INFO 2026-02-01T22:15:33 LOGIN OK user_id=<valutatrade_hub.core.usecases.UseCases object at 0x75dc46908530>currency=None amount=None
INFO 2026-02-01T22:15:41 BUY START user_id=<valutatrade_hub.core.usecases.UseCases object at 0x75dc46908530>currency=None amount=None
INFO 2026-02-01T22:15:41 BUY OK user_id=<valutatrade_hub.core.usecases.UseCases object at 0x75dc46908530>currency=None amount=None
INFO 2026-02-01T22:15:59 BUY START user_id=<valutatrade_hub.core.usecases.UseCases object at 0x75dc46908530>currency=None amount=None
INFO 2026-02-01T22:15:59 BUY OK user_id=<valutatrade_hub.core.usecases.UseCases object at 0x75dc46908530>currency=None amount=None
INFO 2026-02-01T22:19:58 Scheduled rates update started
INFO 2026-02-01T22:19:58 Starting rates update...
INFO 2026-02-01T22:19:58 Fetching from CoinGecko...
INFO 2026-02-01T22:19:59 OK (6 rates)
INFO 2026-02-01T22:19:59 Fetching from ExchangeRate-API...
INFO 2026-02-01T22:19:59 OK (7 rates)
INFO 2026-02-01T22:19:59 Writing 13 rates to data/rates.json
INFO 2026-02-01T22:19:59 Update completed
INFO 2026-02-01T22:19:59 Scheduled update completed: success, 13 pairs updated
INFO 2026-02-01T22:24:33 Scheduled rates update started
INFO 2026-02-01T22:24:33 Starting rates update...
INFO 2026-02-01T22:24:33 Fetching from CoinGecko...
INFO 2026-02-01T22:24:34 OK (6 rates)
INFO 2026-02-01T22:24:34 Fetching from ExchangeRate-API...
INFO 2026-02-01T22:24:34 OK (7 rates)
INFO 2026-02-01T22:24:34 Writing 13 rates to data/rates.json
INFO 2026-02-01T22:24:34 Update completed
INFO 2026-02-01T22:24:34 Scheduled update completed: success, 13 pairs updated
INFO 2026-02-01T22:29:05 Scheduled rates update started
INFO 2026-02-01T22:29:05 Starting rates update...
INFO 2026-02-01T22:29:05 Fetching from CoinGecko...
INFO 2026-02-01T22:29:06 OK (6 rates)
INFO 2026-02-01T22:29:06 Fetching from ExchangeRate-API...
INFO 2026-02-01T22:29:06 OK (7 rates)
INFO 2026-02-01T22:29:06 Writing 13 rates to data/rates.json
INFO 2026-02-01T22:29:06 Update completed
INFO 2026-02-01T22:29:06 Scheduled update completed: success, 13 pairs updated
INFO 2026-02-01T22:33:40 Scheduled rates update started
INFO 2026-02-01T22:33:40 Starting rates update...
INFO 2026-02-01T22:33:40 Fetching from CoinGecko...
INFO 2026-02-01T22:33:41 OK (6 rates)
INFO 2026-02-01T22:33:41 Fetching from ExchangeRate-API...
INFO 2026-02-01T22:33:41 OK (7 rates)
INFO 2026-02-01T22:33:41 Writing 13 rates to data/rates.json
INFO 2026-02-01T22:33:41 Update completed
INFO 2026-02-01T22:33:41 Scheduled update completed: success, 13 pairs updated
INFO 2026-02-01T22:38:15 Scheduled rates update started
INFO 2026-02-01T22:38:15 Starting rates update...
INFO 2026-02-01T22:38:15 Fetching from CoinGecko...
INFO 2026-02-01T22:38:15 OK (6 rates)
INFO 2026-02-01T22:38:15 Fetching from ExchangeRate-API...
INFO 2026-02-01T22:38:16 OK (7 rates)
INFO 2026-02-01T22:38:16 Writing 13 rates to data/rates.json
INFO 2026-02-01T22:38:16 Update completed
INFO 2026-02-01T22:38:16 Scheduled update completed: success, 13 pairs updated
INFO 2026-02-01T22:42:47 Scheduled rates update started
INFO 2026-02-01T22:42:47 Starting rates update...
INFO 2026-02-01T22:42:47 Fetching from CoinGecko...
INFO 2026-02-01T22:42:47 OK (6 rates)
INFO 2026-02-01T22:42:47 Fetching from ExchangeRate-API...
INFO 2026-02-01T22:42:48 OK (7 rates)
INFO 2026-02-01T22:42:48 Writing 13 rates to data/rates.json
INFO 2026-02-01T22:42:48 Update completed
INFO 2026-02-01T22:42:48 Scheduled update completed: success, 13 pairs updated
INFO 2026-02-01T22:42:56 Scheduler stopped
INFO 2026-02-01T22:56:06 Scheduled rates update started
INFO 2026-02-01T22:56:06 Scheduler started (interval: 300 seconds)
INFO 2026-02-01T22:56:06 Starting rates update...
INFO 2026-02-01T22:56:06 Fetching from CoinGecko...
INFO 2026-02-01T22:56:06 OK (6 rates)
INFO 2026-02-01T22:56:06 Fetching from ExchangeRate-API...
INFO 2026-02-01T22:56:06 OK (7 rates)
INFO 2026-02-01T22:56:06 Writing 13 rates to data/rates.json
INFO 2026-02-01T22:56:06 Update completed
INFO 2026-02-01T22:56:06 Scheduled update completed: success, 13 pairs updated
INFO 2026-02-01T22:56:40 LOGIN START user_id=<valutatrade_hub.core.usecases.UseCases object at 0x706444aa4560>currency=None amount=None
INFO 2026-02-01T22:56:40 LOGIN OK user_id=<valutatrade_hub.core.usecases.UseCases object at 0x706444aa4560>currency=None amount=None
INFO 2026-02-01T22:56:55 BUY START user_id=<valutatrade_hub.core.usecases.UseCases object at 0x706444aa4560>currency=None amount=None
INFO 2026-02-01T22:56:55 BUY OK user_id=<valutatrade_hub.core.usecases.UseCases object at 0x706444aa4560>currency=None amount=None
INFO 2026-02-01T23:00:40 Scheduled rates update started
INFO 2026-02-01T23:00:40 Starting rates update...
INFO 2026-02-01T23:00:40 Fetching from CoinGecko...
INFO 2026-02-01T23:00:41 OK (6 rates)
INFO 2026-02-01T23:00:41 Fetching from ExchangeRate-API...
INFO 2026-02-01T23:00:41 OK (7 rates)
INFO 2026-02-01T23:00:41 Writing 13 rates to data/rates.json
INFO 2026-02-01T23:00:41 Update completed
INFO 2026-02-01T23:00:41 Scheduled update completed: success, 13 pairs updated
INFO 2026-02-01T23:03:12 SELL START user_id=<valutatrade_hub.core.usecases.UseCases object at 0x706444aa4560>currency=None amount=None
INFO 2026-02-01T23:03:12 SELL OK user_id=<valutatrade_hub.core.usecases.UseCases object at 0x706444aa4560>currency=None amount=None
INFO 2026-02-01T23:05:15 Scheduled rates update started
INFO 2026-02-01T23:05:15 Starting rates update...
INFO 2026-02-01T23:05:15 Fetching from CoinGecko...
INFO 2026-02-01T23:05:15 OK (6 rates)
INFO 2026-02-01T23:05:15 Fetching from ExchangeRate-API...
INFO 2026-02-01T23:05:16 OK (7 rates)
INFO 2026-02-01T23:05:16 Writing 13 rates to data/rates.json
INFO 2026-02-01T23:05:16 Update completed
INFO 2026-02-01T23:05:16 Scheduled update completed: success, 13 pairs updated
INFO 2026-02-01T23:06:46 LOGIN START user_id=<valutatrade_hub.core.usecases.UseCases object at 0x706444aa4560>currency=None amount=None
ERROR 2026-02-01T23:06:46 LOGIN ERROR user_id=<valutatrade_hub.core.usecases.UseCases object at 0x706444aa4560>currency=None amount=Noneerror_type=UserNotFoundError error_message='Пользователь 'unknown_user' не найден'
INFO 2026-02-01T23:07:16 LOGIN START user_id=<valutatrade_hub.core.usecases.UseCases object at 0x706444aa4560>currency=None amount=None
ERROR 2026-02-01T23:07:16 LOGIN ERROR user_id=<valutatrade_hub.core.usecases.UseCases object at 0x706444aa4560>currency=None amount=Noneerror_type=AuthenticationError error_message='Неверный пароль для пользователя 'trader_john''
INFO 2026-02-01T23:07:36 BUY START user_id=<valutatrade_hub.core.usecases.UseCases object at 0x706444aa4560>currency=None amount=None
ERROR 2026-02-01T23:07:36 BUY ERROR user_id=<valutatrade_hub.core.usecases.UseCases object at 0x706444aa4560>currency=None amount=Noneerror_type=ValidationError error_message='Ошибка валидации поля 'currency_code': Неизвестная валюта 'INVALID''
INFO 2026-02-01T23:08:08 BUY START user_id=<valutatrade_hub.core.usecases.UseCases object at 0x706444aa4560>currency=None amount=None
ERROR 2026-02-01T23:08:08 BUY ERROR user_id=<valutatrade_hub.core.usecases.UseCases object at 0x706444aa4560>currency=None amount=Noneerror_type=ValidationError error_message='Ошибка валидации поля 'amount': должен быть положительным числом'
INFO 2026-02-01T23:08:48 SELL START user_id=<valutatrade_hub.core.usecases.UseCases object at 0x706444aa4560>currency=None amount=None
ERROR 2026-02-01T23:08:48 SELL ERROR user_id=<valutatrade_hub.core.usecases.UseCases object at 0x706444aa4560>currency=None amount=Noneerror_type=WalletNotFoundError error_message='У вас нет кошелька 'BTC'. Добавьте валюту: она создаётся автоматически при первой покупке.'
INFO 2026-02-01T23:09:47 Scheduled rates update started
INFO 2026-02-01T23:09:47 Starting rates update...
INFO 2026-02-01T23:09:47 Fetching from CoinGecko...
INFO 2026-02-01T23:09:47 OK (6 rates)
INFO 2026-02-01T23:09:47 Fetching from ExchangeRate-API...
INFO 2026-02-01T23:09:48 OK (7 rates)
INFO 2026-02-01T23:09:48 Writing 13 rates to data/rates.json
INFO 2026-02-01T23:09:48 Update completed
INFO 2026-02-01T23:09:48 Scheduled update completed: success, 13 pairs updated
INFO 2026-02-01T23:09:58 Scheduler stopped
INFO 2026-02-01T23:10:08 Scheduled rates update started
INFO 2026-02-01T23:10:08 Scheduler started (interval: 300 seconds)
INFO 2026-02-01T23:10:08 Starting rates update...
INFO 2026-02-01T23:10:08 Fetching from CoinGecko...
INFO 2026-02-01T23:10:08 OK (6 rates)
INFO 2026-02-01T23:10:08 Fetching from ExchangeRate-API...
INFO 2026-02-01T23:10:09 OK (7 rates)
INFO 2026-02-01T23:10:09 Writing 13 rates to data/rates.json
INFO 2026-02-01T23:10:09 Update completed
INFO 2026-02-01T23:10:09 Scheduled update completed: success, 13 pairs updated
INFO 2026-02-01T23:10:47 LOGIN START user_id=<valutatrade_hub.core.usecases.UseCases object at 0x7e5cfa844c20>currency=None amount=None
INFO 2026-02-01T23:10:47 LOGIN OK user_id=<valutatrade_hub.core.usecases.UseCases object at 0x7e5cfa844c20>currency=None amount=None
INFO 2026-02-01T23:11:30 BUY START user_id=<valutatrade_hub.core.usecases.UseCases object at 0x7e5cfa844c20>currency=None amount=None
INFO 2026-02-01T23:11:30 BUY OK user_id=<valutatrade_hub.core.usecases.UseCases object at 0x7e5cfa844c20>currency=None amount=None
INFO 2026-02-01T23:11:48 BUY START user_id=<valutatrade_hub.core.usecases.UseCases object at 0x7e5cfa844c20>currency=None amount=None
INFO 2026-02-01T23:11:48 BUY OK user_id=<valutatrade_hub.core.usecases.UseCases object at 0x7e5cfa844c20>currency=None amount=None
INFO 2026-02-01T23:13:40 SELL START user_id=<valutatrade_hub.core.usecases.UseCases object at 0x7e5cfa844c20>currency=None amount=None
INFO 2026-02-01T23:13:40 SELL OK user_id=<valutatrade_hub.core.usecases.UseCases object at 0x7e5cfa844c20>currency=None amount=None
INFO 2026-02-01T23:14:23 Scheduler stopped
